[17:24:16] [main/INFO] (FabricLoader/GameProvider) Loading Minecraft 1.20.1 with Fabric Loader 0.15.7
[17:24:16] [main/INFO] (FabricLoader) Loading 94 mods:
	- create 0.5.1-f-build.1224+mc1.20.1
	- createnuclear 1.20.1
	- dripstone_fluid_lib 3.0.2
	- emi 1.1.2+1.20.1+fabric
	- fabric-api 0.91.0+1.20.1
	- fabric-api-base 0.4.30+7abfd51577
	- fabric-api-lookup-api-v1 1.6.35+4d8536c977
	- fabric-biome-api-v1 13.0.12+215bbe9677
	- fabric-block-api-v1 1.0.10+92a0d36777
	- fabric-block-view-api-v2 1.0.0+92a0d36777
	- fabric-blockrenderlayer-v1 1.1.40+b3afc78b77
	- fabric-client-tags-api-v1 1.1.1+97bb207577
	- fabric-command-api-v1 1.2.33+f71b366f77
	- fabric-command-api-v2 2.2.12+b3afc78b77
	- fabric-commands-v0 0.2.50+df3654b377
	- fabric-containers-v0 0.1.63+df3654b377
	- fabric-content-registries-v0 4.0.10+57aed33f77
	- fabric-convention-tags-v1 1.5.4+a1a980da77
	- fabric-crash-report-info-v1 0.2.18+aeb40ebe77
	- fabric-data-generation-api-v1 12.3.3+d7b148e077
	- fabric-dimensions-v1 2.1.53+8536527b77
	- fabric-entity-events-v1 1.5.22+b3afc78b77
	- fabric-events-interaction-v0 0.6.1+e91849a877
	- fabric-events-lifecycle-v0 0.2.62+df3654b377
	- fabric-game-rule-api-v1 1.0.39+ae9f657a77
	- fabric-gametest-api-v1 1.2.12+b3afc78b77
	- fabric-item-api-v1 2.1.27+b3afc78b77
	- fabric-item-group-api-v1 4.0.11+d7b148e077
	- fabric-key-binding-api-v1 1.0.36+fb8d95da77
	- fabric-keybindings-v0 0.2.34+df3654b377
	- fabric-lifecycle-events-v1 2.2.21+b3afc78b77
	- fabric-loot-api-v2 1.2.0+96dfa95977
	- fabric-loot-tables-v1 1.1.44+9e7660c677
	- fabric-message-api-v1 5.1.8+d7b148e077
	- fabric-mining-level-api-v1 2.1.49+b3afc78b77
	- fabric-model-loading-api-v1 1.0.2+709a987177
	- fabric-models-v0 0.4.1+9386d8a777
	- fabric-networking-api-v1 1.3.10+eeb8eb3677
	- fabric-networking-v0 0.3.50+df3654b377
	- fabric-object-builder-api-v1 11.1.2+4ee0bc6077
	- fabric-particles-v1 1.1.1+201a23a077
	- fabric-recipe-api-v1 1.0.20+b3afc78b77
	- fabric-registry-sync-v0 2.3.2+4df89eb277
	- fabric-renderer-api-v1 3.2.0+39a511ba77
	- fabric-renderer-indigo 1.5.0+39a511ba77
	- fabric-renderer-registries-v1 3.2.45+df3654b377
	- fabric-rendering-data-attachment-v1 0.3.36+92a0d36777
	- fabric-rendering-fluids-v1 3.0.27+b3afc78b77
	- fabric-rendering-v0 1.1.48+df3654b377
	- fabric-rendering-v1 3.0.7+b3afc78b77
	- fabric-resource-conditions-api-v1 2.3.7+29de845d77
	- fabric-resource-loader-v0 0.11.9+132c48c177
	- fabric-screen-api-v1 2.0.7+b3afc78b77
	- fabric-screen-handler-api-v1 1.3.29+b3afc78b77
	- fabric-sound-api-v1 1.0.12+b3afc78b77
	- fabric-transfer-api-v1 3.3.3+c81d263177
	- fabric-transitive-access-wideners-v1 4.3.0+6c31357e77
	- fabricloader 0.15.7
	- flywheel 0.6.10-2
	- forgeconfigapiport 8.0.0
	- java 20
	- lazydfu 0.1.3
	- milk 1.2.60
	- minecraft 1.20.1
	- mixinextras 0.3.5
	- mm 2.3
	- modmenu 7.2.2
	- porting_lib_accessors 2.3.5-beta.21+1.20.1
	- porting_lib_asm 2.1.1192+1.20.1
	- porting_lib_attributes 2.3.5-beta.21+1.20.1
	- porting_lib_base 2.3.5-beta.21+1.20.1
	- porting_lib_brewing 2.3.5-beta.21+1.20.1
	- porting_lib_client_events 2.3.5-beta.21+1.20.1
	- porting_lib_common 2.3.5-beta.21+1.20.1
	- porting_lib_config 2.3.5-beta.21+1.20.1
	- porting_lib_core 2.3.5-beta.21+1.20.1
	- porting_lib_data 2.1.1090+1.20
	- porting_lib_entity 2.3.5-beta.21+1.20.1
	- porting_lib_extensions 2.3.5-beta.21+1.20.1
	- porting_lib_fluids 2.3.5-beta.21+1.20.1
	- porting_lib_lazy_registration 2.3.5-beta.21+1.20.1
	- porting_lib_mixin_extensions 2.3.5-beta.21+1.20.1
	- porting_lib_model_generators 2.1.1090+1.20
	- porting_lib_model_loader 2.3.5-beta.21+1.20.1
	- porting_lib_model_materials 2.1.1090+1.20
	- porting_lib_models 2.3.5-beta.21+1.20.1
	- porting_lib_networking 2.3.5-beta.21+1.20.1
	- porting_lib_obj_loader 2.3.5-beta.21+1.20.1
	- porting_lib_tags 3.0
	- porting_lib_tool_actions 2.3.5-beta.21+1.20.1
	- porting_lib_transfer 2.3.5-beta.21+1.20.1
	- porting_lib_utility 2.3.5-beta.21+1.20.1
	- reach-entity-attributes 2.4.0
	- registrate-fabric 1.3.62-MC1.20.1
[17:24:16] [main/INFO] (FabricLoader/Mixin) SpongePowered MIXIN Subsystem Version=0.8.5 Source=file:/C:/Users/legro/.gradle/caches/modules-2/files-2.1/net.fabricmc/sponge-mixin/0.12.5+mixin.0.8.5/8d31fb97c3e0cd7c8dad3441851c523bcfae6d8e/sponge-mixin-0.12.5+mixin.0.8.5.jar Service=Knot/Fabric Env=CLIENT
[17:24:17] [main/INFO] (FabricLoader/Mixin) Loaded Fabric development mappings for mixin remapper!
[17:24:17] [main/INFO] (FabricLoader/Mixin) Compatibility level set to JAVA_16
[17:24:17] [main/INFO] (FabricLoader/Mixin) Compatibility level set to JAVA_17
[17:24:17] [main/WARN] (FabricLoader/Mixin) Error loading class: io/vram/frex/base/renderer/context/render/EntityBlockRenderContext (java.lang.ClassNotFoundException: io/vram/frex/base/renderer/context/render/EntityBlockRenderContext)
[17:24:17] [main/WARN] (FabricLoader/Mixin) @Mixin target io.vram.frex.base.renderer.context.render.EntityBlockRenderContext was not found porting_lib_base.mixins.json:client.frex.EntityBlockRenderContextMixin from mod porting_lib_base
[17:24:17] [main/WARN] (FabricLoader/Mixin) Error loading class: mezz/jei/library/load/PluginCaller (java.lang.ClassNotFoundException: mezz/jei/library/load/PluginCaller)
[17:24:18] [main/INFO] (FabricLoader/MixinExtras|Service) Initializing MixinExtras via com.llamalad7.mixinextras.service.MixinExtrasServiceImpl(version=0.3.5).
[17:24:20] [main/WARN] (FabricLoader/Mixin) @Inject(@At("INVOKE")) Shift.BY=2 on porting_lib_entity.mixins.json:common.LivingEntityMixin from mod porting_lib_entity::handler$bih000$porting_lib_entity$port_lib$onFinishUsing exceeds the maximum allowed value: 0. Increase the value of maxShiftBy to suppress this warning.
[17:24:25] [Render thread/INFO] (Minecraft) Environment: authHost='https://authserver.mojang.com', accountsHost='https://api.mojang.com', sessionHost='https://sessionserver.mojang.com', servicesHost='https://api.minecraftservices.com', name='PROD'
[17:24:25] [Render thread/ERROR] (Minecraft) Failed to verify authentication
com.mojang.authlib.exceptions.InvalidCredentialsException: Status: 401
	at com.mojang.authlib.exceptions.MinecraftClientHttpException.toAuthenticationException(MinecraftClientHttpException.java:56) ~[authlib-4.0.43.jar:?]
	at com.mojang.authlib.yggdrasil.YggdrasilUserApiService.fetchProperties(YggdrasilUserApiService.java:156) ~[authlib-4.0.43.jar:?]
	at com.mojang.authlib.yggdrasil.YggdrasilUserApiService.<init>(YggdrasilUserApiService.java:55) ~[authlib-4.0.43.jar:?]
	at com.mojang.authlib.yggdrasil.YggdrasilAuthenticationService.createUserApiService(YggdrasilAuthenticationService.java:124) ~[authlib-4.0.43.jar:?]
	at net.minecraft.client.Minecraft.createUserApiService(Minecraft.java:733) ~[minecraft-merged-project-root-1.20.1-loom.mappings.1_20_1.layered+hash.1916468838-v2.jar:?]
	at net.minecraft.client.Minecraft.<init>(Minecraft.java:442) ~[minecraft-merged-project-root-1.20.1-loom.mappings.1_20_1.layered+hash.1916468838-v2.jar:?]
	at net.minecraft.client.main.Main.main(Main.java:211) ~[minecraft-merged-project-root-1.20.1-loom.mappings.1_20_1.layered+hash.1916468838-v2.jar:?]
	at net.fabricmc.loader.impl.game.minecraft.MinecraftGameProvider.launch(MinecraftGameProvider.java:470) ~[fabric-loader-0.15.7.jar:?]
	at net.fabricmc.loader.impl.launch.knot.Knot.launch(Knot.java:74) ~[fabric-loader-0.15.7.jar:?]
	at net.fabricmc.loader.impl.launch.knot.KnotClient.main(KnotClient.java:23) ~[fabric-loader-0.15.7.jar:?]
	at net.fabricmc.devlaunchinjector.Main.main(Main.java:86) ~[dev-launch-injector-0.2.1+build.8.jar:?]
Caused by: com.mojang.authlib.exceptions.MinecraftClientHttpException: Status: 401
	at com.mojang.authlib.minecraft.client.MinecraftClient.readInputStream(MinecraftClient.java:85) ~[authlib-4.0.43.jar:?]
	at com.mojang.authlib.minecraft.client.MinecraftClient.get(MinecraftClient.java:48) ~[authlib-4.0.43.jar:?]
	at com.mojang.authlib.yggdrasil.YggdrasilUserApiService.fetchProperties(YggdrasilUserApiService.java:129) ~[authlib-4.0.43.jar:?]
	... 9 more
[17:24:25] [Render thread/INFO] (Minecraft) Setting user: Player197
[17:24:25] [Render thread/INFO] (MM) Definitely not up to no good
[17:24:25] [Render thread/INFO] (createnuclear) Registering mod items for createnuclear
[17:24:26] [Render thread/INFO] (createnuclear) Registering ModBlocks for createnuclear
[17:24:26] [Render thread/INFO] (createnuclear) Registering mod tags for createnuclear
[17:24:26] [Render thread/INFO] (createnuclear) Registering ModEntity for createnuclear
[17:24:28] [Worker-Main-1/INFO] (Mod Menu/Update Checker) Checking mod updates...
[17:24:28] [Render thread/INFO] (Indigo) [Indigo] Registering Indigo renderer!
[17:24:29] [Render thread/INFO] (createnuclear) Registering ModEntity for createnuclear
[17:24:29] [Render thread/INFO] (Backend) No shaders mod detected.
[17:24:29] [Render thread/WARN] (ResourceManagerHelperImpl) Tried to register resource reload listener create:client_reload_listener twice!
[17:24:29] [Render thread/INFO] (FabricDataGenHelper) Running data generator for createnuclear
[17:24:29] [Render thread/INFO] (Minecraft) Starting provider: CreateNuclear/Registrate Provider for createnuclear [Recipes, Advancements, Loot Tables, Tags (blocks), Tags (items), Tags (fluids), Tags (entity_types), Blockstates, Item models, Lang (en_us/en_ud)]
[17:24:29] [Render thread/ERROR] (FabricDataGenHelper) Failed to run data generation
java.lang.RuntimeException: Failed to run data generator from mod (createnuclear)
	at net.fabricmc.fabric.impl.datagen.FabricDataGenHelper.runInternal(FabricDataGenHelper.java:150) ~[fabric-data-generation-api-v1-12.3.3+d7b148e077.jar:?]
	at net.fabricmc.fabric.impl.datagen.FabricDataGenHelper.run(FabricDataGenHelper.java:89) ~[fabric-data-generation-api-v1-12.3.3+d7b148e077.jar:?]
	at net.minecraft.client.Minecraft.handler$bha000$fabric-data-generation-api-v1$main(Minecraft.java:10017) ~[minecraft-merged-project-root-1.20.1-loom.mappings.1_20_1.layered+hash.1916468838-v2.jar:?]
	at net.minecraft.client.Minecraft.<init>(Minecraft.java:468) ~[minecraft-merged-project-root-1.20.1-loom.mappings.1_20_1.layered+hash.1916468838-v2.jar:?]
	at net.minecraft.client.main.Main.main(Main.java:211) ~[minecraft-merged-project-root-1.20.1-loom.mappings.1_20_1.layered+hash.1916468838-v2.jar:?]
	at net.fabricmc.loader.impl.game.minecraft.MinecraftGameProvider.launch(MinecraftGameProvider.java:470) ~[fabric-loader-0.15.7.jar:?]
	at net.fabricmc.loader.impl.launch.knot.Knot.launch(Knot.java:74) ~[fabric-loader-0.15.7.jar:?]
	at net.fabricmc.loader.impl.launch.knot.KnotClient.main(KnotClient.java:23) ~[fabric-loader-0.15.7.jar:?]
	at net.fabricmc.devlaunchinjector.Main.main(Main.java:86) ~[dev-launch-injector-0.2.1+build.8.jar:?]
Caused by: java.util.concurrent.CompletionException: java.lang.RuntimeException: Unexpected error while running data generator of type blockstate for entry steel_block [minecraft:block]
	at java.util.concurrent.CompletableFuture.encodeThrowable(CompletableFuture.java:315) ~[?:?]
	at java.util.concurrent.CompletableFuture.completeThrowable(CompletableFuture.java:320) ~[?:?]
	at java.util.concurrent.CompletableFuture$UniCompose.tryFire(CompletableFuture.java:1159) ~[?:?]
	at java.util.concurrent.CompletableFuture.postComplete(CompletableFuture.java:510) ~[?:?]
	at java.util.concurrent.CompletableFuture$AsyncSupply.run(CompletableFuture.java:1773) ~[?:?]
	at java.util.concurrent.CompletableFuture$AsyncSupply.exec(CompletableFuture.java:1760) ~[?:?]
	at java.util.concurrent.ForkJoinTask.doExec(ForkJoinTask.java:387) ~[?:?]
	at java.util.concurrent.ForkJoinPool$WorkQueue.topLevelExec(ForkJoinPool.java:1312) ~[?:?]
	at java.util.concurrent.ForkJoinPool.scan(ForkJoinPool.java:1843) ~[?:?]
	at java.util.concurrent.ForkJoinPool.runWorker(ForkJoinPool.java:1808) ~[?:?]
	at java.util.concurrent.ForkJoinWorkerThread.run(ForkJoinWorkerThread.java:188) ~[?:?]
Caused by: java.lang.RuntimeException: Unexpected error while running data generator of type blockstate for entry steel_block [minecraft:block]
	at com.tterrag.registrate.AbstractRegistrate.lambda$genData$10(AbstractRegistrate.java:622) ~[Registrate-1.3.62-MC1.20.1.jar:?]
	at java.lang.Iterable.forEach(Iterable.java:75) ~[?:?]
	at com.tterrag.registrate.AbstractRegistrate.genData(AbstractRegistrate.java:597) ~[Registrate-1.3.62-MC1.20.1.jar:?]
	at com.tterrag.registrate.providers.RegistrateBlockstateProvider.registerStatesAndModels(RegistrateBlockstateProvider.java:32) ~[Registrate-1.3.62-MC1.20.1.jar:?]
	at io.github.fabricators_of_create.porting_lib.models.generators.block.BlockStateProvider.run(BlockStateProvider.java:101) ~[model_generators-2.1.1090+1.20.jar:?]
	at com.tterrag.registrate.providers.RegistrateDataProvider.lambda$run$1(RegistrateDataProvider.java:76) ~[Registrate-1.3.62-MC1.20.1.jar:?]
	at java.util.concurrent.CompletableFuture$UniCompose.tryFire(CompletableFuture.java:1150) ~[?:?]
	at java.util.concurrent.CompletableFuture.postComplete(CompletableFuture.java:510) ~[?:?]
	at java.util.concurrent.CompletableFuture$AsyncSupply.run(CompletableFuture.java:1773) ~[?:?]
	at java.util.concurrent.CompletableFuture$AsyncSupply.exec(CompletableFuture.java:1760) ~[?:?]
	at java.util.concurrent.ForkJoinTask.doExec(ForkJoinTask.java:387) ~[?:?]
	at java.util.concurrent.ForkJoinPool$WorkQueue.topLevelExec(ForkJoinPool.java:1312) ~[?:?]
	at java.util.concurrent.ForkJoinPool.scan(ForkJoinPool.java:1843) ~[?:?]
	at java.util.concurrent.ForkJoinPool.runWorker(ForkJoinPool.java:1808) ~[?:?]
	at java.util.concurrent.ForkJoinWorkerThread.run(ForkJoinWorkerThread.java:188) ~[?:?]
Caused by: java.lang.IllegalArgumentException: Texture createnuclear:block/steel_block does not exist in any known resource pack
	at com.google.common.base.Preconditions.checkArgument(Preconditions.java:220) ~[guava-31.1-jre.jar:?]
	at io.github.fabricators_of_create.porting_lib.models.generators.ModelBuilder.texture(ModelBuilder.java:139) ~[model_generators-2.1.1090+1.20.jar:?]
	at io.github.fabricators_of_create.porting_lib.models.generators.ModelProvider.singleTexture(ModelProvider.java:115) ~[model_generators-2.1.1090+1.20.jar:?]
	at io.github.fabricators_of_create.porting_lib.models.generators.ModelProvider.singleTexture(ModelProvider.java:110) ~[model_generators-2.1.1090+1.20.jar:?]
	at io.github.fabricators_of_create.porting_lib.models.generators.ModelProvider.cubeAll(ModelProvider.java:119) ~[model_generators-2.1.1090+1.20.jar:?]
	at io.github.fabricators_of_create.porting_lib.models.generators.block.BlockStateProvider.cubeAll(BlockStateProvider.java:172) ~[model_generators-2.1.1090+1.20.jar:?]
	at io.github.fabricators_of_create.porting_lib.models.generators.block.BlockStateProvider.simpleBlock(BlockStateProvider.java:176) ~[model_generators-2.1.1090+1.20.jar:?]
	at com.tterrag.registrate.builders.BlockBuilder.lambda$defaultBlockstate$11(BlockBuilder.java:241) ~[Registrate-1.3.62-MC1.20.1.jar:?]
	at com.tterrag.registrate.builders.Builder.lambda$setData$0(Builder.java:117) ~[Registrate-1.3.62-MC1.20.1.jar:?]
	at com.tterrag.registrate.AbstractRegistrate.lambda$genData$10(AbstractRegistrate.java:608) ~[Registrate-1.3.62-MC1.20.1.jar:?]
	at java.lang.Iterable.forEach(Iterable.java:75) ~[?:?]
	at com.tterrag.registrate.AbstractRegistrate.genData(AbstractRegistrate.java:597) ~[Registrate-1.3.62-MC1.20.1.jar:?]
	at com.tterrag.registrate.providers.RegistrateBlockstateProvider.registerStatesAndModels(RegistrateBlockstateProvider.java:32) ~[Registrate-1.3.62-MC1.20.1.jar:?]
	at io.github.fabricators_of_create.porting_lib.models.generators.block.BlockStateProvider.run(BlockStateProvider.java:101) ~[model_generators-2.1.1090+1.20.jar:?]
	at com.tterrag.registrate.providers.RegistrateDataProvider.lambda$run$1(RegistrateDataProvider.java:76) ~[Registrate-1.3.62-MC1.20.1.jar:?]
	at java.util.concurrent.CompletableFuture$UniCompose.tryFire(CompletableFuture.java:1150) ~[?:?]
	at java.util.concurrent.CompletableFuture.postComplete(CompletableFuture.java:510) ~[?:?]
	at java.util.concurrent.CompletableFuture$AsyncSupply.run(CompletableFuture.java:1773) ~[?:?]
	at java.util.concurrent.CompletableFuture$AsyncSupply.exec(CompletableFuture.java:1760) ~[?:?]
	at java.util.concurrent.ForkJoinTask.doExec(ForkJoinTask.java:387) ~[?:?]
	at java.util.concurrent.ForkJoinPool$WorkQueue.topLevelExec(ForkJoinPool.java:1312) ~[?:?]
	at java.util.concurrent.ForkJoinPool.scan(ForkJoinPool.java:1843) ~[?:?]
	at java.util.concurrent.ForkJoinPool.runWorker(ForkJoinPool.java:1808) ~[?:?]
	at java.util.concurrent.ForkJoinWorkerThread.run(ForkJoinWorkerThread.java:188) ~[?:?]
